This file contains any messages produced by compilers while
running configure, to aid debugging if configure makes a mistake.

It was created by libsimmetrics configure 1.0, which was
generated by GNU Autoconf 2.68.  Invocation command line was

  $ ./configure --no-create --no-recursion

## --------- ##
## Platform. ##
## --------- ##

hostname = Jones
uname -m = x86_64
uname -r = 3.2.0-23-generic
uname -s = Linux
uname -v = #36-Ubuntu SMP Tue Apr 10 20:39:51 UTC 2012

/usr/bin/uname -p = unknown
/bin/uname -X     = unknown

/bin/arch              = unknown
/usr/bin/arch -k       = unknown
/usr/convex/getsysinfo = unknown
/usr/bin/hostinfo      = unknown
/bin/machine           = unknown
/usr/bin/oslevel       = unknown
/bin/universe          = unknown

PATH: /usr/local/sbin
PATH: /usr/local/bin
PATH: /usr/sbin
PATH: /usr/bin
PATH: /sbin
PATH: /bin
PATH: /usr/games


## ----------- ##
## Core tests. ##
## ----------- ##

configure:2136: checking for gcc
configure:2152: found /usr/bin/gcc
configure:2163: result: gcc
configure:2392: checking for C compiler version
configure:2401: gcc --version >&5
gcc (Ubuntu/Linaro 4.6.3-1ubuntu5) 4.6.3
Copyright (C) 2011 Free Software Foundation, Inc.
This is free software; see the source for copying conditions.  There is NO
warranty; not even for MERCHANTABILITY or FITNESS FOR A PARTICULAR PURPOSE.

configure:2412: $? = 0
configure:2401: gcc -v >&5
Using built-in specs.
COLLECT_GCC=gcc
COLLECT_LTO_WRAPPER=/usr/lib/gcc/x86_64-linux-gnu/4.6/lto-wrapper
Target: x86_64-linux-gnu
Configured with: ../src/configure -v --with-pkgversion='Ubuntu/Linaro 4.6.3-1ubuntu5' --with-bugurl=file:///usr/share/doc/gcc-4.6/README.Bugs --enable-languages=c,c++,fortran,objc,obj-c++ --prefix=/usr --program-suffix=-4.6 --enable-shared --enable-linker-build-id --with-system-zlib --libexecdir=/usr/lib --without-included-gettext --enable-threads=posix --with-gxx-include-dir=/usr/include/c++/4.6 --libdir=/usr/lib --enable-nls --with-sysroot=/ --enable-clocale=gnu --enable-libstdcxx-debug --enable-libstdcxx-time=yes --enable-gnu-unique-object --enable-plugin --enable-objc-gc --disable-werror --with-arch-32=i686 --with-tune=generic --enable-checking=release --build=x86_64-linux-gnu --host=x86_64-linux-gnu --target=x86_64-linux-gnu
Thread model: posix
gcc version 4.6.3 (Ubuntu/Linaro 4.6.3-1ubuntu5) 
configure:2412: $? = 0
configure:2401: gcc -V >&5
gcc: error: unrecognized option '-V'
gcc: fatal error: no input files
compilation terminated.
configure:2412: $? = 4
configure:2401: gcc -qversion >&5
gcc: error: unrecognized option '-qversion'
gcc: fatal error: no input files
compilation terminated.
configure:2412: $? = 4
configure:2432: checking whether the C compiler works
configure:2454: gcc    conftest.c  >&5
configure:2458: $? = 0
configure:2506: result: yes
configure:2509: checking for C compiler default output file name
configure:2511: result: a.out
configure:2517: checking for suffix of executables
configure:2524: gcc -o conftest    conftest.c  >&5
configure:2528: $? = 0
configure:2550: result: 
configure:2572: checking whether we are cross compiling
configure:2580: gcc -o conftest    conftest.c  >&5
configure:2584: $? = 0
configure:2591: ./conftest
configure:2595: $? = 0
configure:2610: result: no
configure:2615: checking for suffix of object files
configure:2637: gcc -c   conftest.c >&5
configure:2641: $? = 0
configure:2662: result: o
configure:2666: checking whether we are using the GNU C compiler
configure:2685: gcc -c   conftest.c >&5
configure:2685: $? = 0
configure:2694: result: yes
configure:2703: checking whether gcc accepts -g
configure:2723: gcc -c -g  conftest.c >&5
configure:2723: $? = 0
configure:2764: result: yes
configure:2781: checking for gcc option to accept ISO C89
configure:2845: gcc  -c -g -O2  conftest.c >&5
configure:2845: $? = 0
configure:2858: result: none needed
configure:2912: checking build system type
configure:2926: result: x86_64-unknown-linux-gnu
configure:2946: checking host system type
configure:2959: result: x86_64-unknown-linux-gnu
configure:2979: checking target system type
configure:2992: result: x86_64-unknown-linux-gnu
configure:3036: checking for a BSD-compatible install
configure:3104: result: /usr/bin/install -c
configure:3115: checking whether build environment is sane
configure:3165: result: yes
configure:3306: checking for a thread-safe mkdir -p
configure:3345: result: /bin/mkdir -p
configure:3358: checking for gawk
configure:3374: found /usr/bin/gawk
configure:3385: result: gawk
configure:3396: checking whether make sets $(MAKE)
configure:3418: result: yes
configure:3448: checking for style of include used by make
configure:3476: result: GNU
configure:3562: checking dependency style of gcc
configure:3673: result: gcc3
configure:3691: checking whether gcc and cc understand -c and -o together
configure:3722: gcc -c conftest.c -o conftest2.o >&5
configure:3726: $? = 0
configure:3732: gcc -c conftest.c -o conftest2.o >&5
configure:3736: $? = 0
configure:3747: cc -c conftest.c >&5
configure:3751: $? = 0
configure:3759: cc -c conftest.c -o conftest2.o >&5
configure:3763: $? = 0
configure:3769: cc -c conftest.c -o conftest2.o >&5
configure:3773: $? = 0
configure:3791: result: yes
configure:3865: checking how to print strings
configure:3892: result: printf
configure:3913: checking for a sed that does not truncate output
configure:3977: result: /bin/sed
configure:3995: checking for grep that handles long lines and -e
configure:4053: result: /bin/grep
configure:4058: checking for egrep
configure:4120: result: /bin/grep -E
configure:4125: checking for fgrep
configure:4187: result: /bin/grep -F
configure:4222: checking for ld used by gcc
configure:4289: result: /usr/bin/ld
configure:4296: checking if the linker (/usr/bin/ld) is GNU ld
configure:4311: result: yes
configure:4323: checking for BSD- or MS-compatible name lister (nm)
configure:4372: result: /usr/bin/nm -B
configure:4502: checking the name lister (/usr/bin/nm -B) interface
configure:4509: gcc -c -g -O3 -Wall -Wextra -fopenmp  conftest.c >&5
configure:4512: /usr/bin/nm -B "conftest.o"
configure:4515: output
0000000000000000 B some_variable
configure:4522: result: BSD nm
configure:4525: checking whether ln -s works
configure:4529: result: yes
configure:4537: checking the maximum length of command line arguments
configure:4667: result: 3458764513820540925
configure:4684: checking whether the shell understands some XSI constructs
configure:4694: result: yes
configure:4698: checking whether the shell understands "+="
configure:4704: result: yes
configure:4739: checking how to convert x86_64-unknown-linux-gnu file names to x86_64-unknown-linux-gnu format
configure:4779: result: func_convert_file_noop
configure:4786: checking how to convert x86_64-unknown-linux-gnu file names to toolchain format
configure:4806: result: func_convert_file_noop
configure:4813: checking for /usr/bin/ld option to reload object files
configure:4820: result: -r
configure:4894: checking for objdump
configure:4910: found /usr/bin/objdump
configure:4921: result: objdump
configure:4953: checking how to recognize dependent libraries
configure:5155: result: pass_all
configure:5240: checking for dlltool
configure:5270: result: no
configure:5300: checking how to associate runtime and link libraries
configure:5327: result: printf %s\n
configure:5388: checking for ar
configure:5404: found /usr/bin/ar
configure:5415: result: ar
configure:5452: checking for archiver @FILE support
configure:5469: gcc -c -g -O3 -Wall -Wextra -fopenmp  conftest.c >&5
configure:5469: $? = 0
configure:5472: ar cru libconftest.a @conftest.lst >&5
configure:5475: $? = 0
configure:5480: ar cru libconftest.a @conftest.lst >&5
ar: conftest.o: No such file or directory
configure:5483: $? = 1
configure:5495: result: @
configure:5553: checking for strip
configure:5569: found /usr/bin/strip
configure:5580: result: strip
configure:5652: checking for ranlib
configure:5668: found /usr/bin/ranlib
configure:5679: result: ranlib
configure:5781: checking command to parse /usr/bin/nm -B output from gcc object
configure:5901: gcc -c -g -O3 -Wall -Wextra -fopenmp  conftest.c >&5
configure:5904: $? = 0
configure:5908: /usr/bin/nm -B conftest.o \| sed -n -e 's/^.*[ ]\([ABCDGIRSTW][ABCDGIRSTW]*\)[ ][ ]*\([_A-Za-z][_A-Za-z0-9]*\)$/\1 \2 \2/p' | sed '/ __gnu_lto/d' \> conftest.nm
configure:5911: $? = 0
configure:5977: gcc -o conftest -g -O3 -Wall -Wextra -fopenmp   conftest.c conftstm.o >&5
configure:5980: $? = 0
configure:6018: result: ok
configure:6055: checking for sysroot
configure:6085: result: no
configure:6162: gcc -c -g -O3 -Wall -Wextra -fopenmp  conftest.c >&5
configure:6165: $? = 0
configure:6341: checking for mt
configure:6357: found /bin/mt
configure:6368: result: mt
configure:6391: checking if mt is a manifest tool
configure:6397: mt '-?'
configure:6405: result: no
configure:7047: checking how to run the C preprocessor
configure:7078: gcc -E  conftest.c
configure:7078: $? = 0
configure:7092: gcc -E  conftest.c
conftest.c:11:28: fatal error: ac_nonexistent.h: No such file or directory
compilation terminated.
configure:7092: $? = 1
configure: failed program was:
| /* confdefs.h */
| #define PACKAGE_NAME "libsimmetrics"
| #define PACKAGE_TARNAME "libsimmetrics"
| #define PACKAGE_VERSION "1.0"
| #define PACKAGE_STRING "libsimmetrics 1.0"
| #define PACKAGE_BUGREPORT ""
| #define PACKAGE_URL ""
| #define PACKAGE "libsimmetrics"
| #define VERSION "1.0"
| /* end confdefs.h.  */
| #include <ac_nonexistent.h>
configure:7117: result: gcc -E
configure:7137: gcc -E  conftest.c
configure:7137: $? = 0
configure:7151: gcc -E  conftest.c
conftest.c:11:28: fatal error: ac_nonexistent.h: No such file or directory
compilation terminated.
configure:7151: $? = 1
configure: failed program was:
| /* confdefs.h */
| #define PACKAGE_NAME "libsimmetrics"
| #define PACKAGE_TARNAME "libsimmetrics"
| #define PACKAGE_VERSION "1.0"
| #define PACKAGE_STRING "libsimmetrics 1.0"
| #define PACKAGE_BUGREPORT ""
| #define PACKAGE_URL ""
| #define PACKAGE "libsimmetrics"
| #define VERSION "1.0"
| /* end confdefs.h.  */
| #include <ac_nonexistent.h>
configure:7180: checking for ANSI C header files
configure:7200: gcc -c -g -O3 -Wall -Wextra -fopenmp  conftest.c >&5
configure:7200: $? = 0
configure:7273: gcc -o conftest -g -O3 -Wall -Wextra -fopenmp   conftest.c  >&5
configure:7273: $? = 0
configure:7273: ./conftest
configure:7273: $? = 0
configure:7284: result: yes
configure:7297: checking for sys/types.h
configure:7297: gcc -c -g -O3 -Wall -Wextra -fopenmp  conftest.c >&5
configure:7297: $? = 0
configure:7297: result: yes
configure:7297: checking for sys/stat.h
configure:7297: gcc -c -g -O3 -Wall -Wextra -fopenmp  conftest.c >&5
configure:7297: $? = 0
configure:7297: result: yes
configure:7297: checking for stdlib.h
configure:7297: gcc -c -g -O3 -Wall -Wextra -fopenmp  conftest.c >&5
configure:7297: $? = 0
configure:7297: result: yes
configure:7297: checking for string.h
configure:7297: gcc -c -g -O3 -Wall -Wextra -fopenmp  conftest.c >&5
configure:7297: $? = 0
configure:7297: result: yes
configure:7297: checking for memory.h
configure:7297: gcc -c -g -O3 -Wall -Wextra -fopenmp  conftest.c >&5
configure:7297: $? = 0
configure:7297: result: yes
configure:7297: checking for strings.h
configure:7297: gcc -c -g -O3 -Wall -Wextra -fopenmp  conftest.c >&5
configure:7297: $? = 0
configure:7297: result: yes
configure:7297: checking for inttypes.h
configure:7297: gcc -c -g -O3 -Wall -Wextra -fopenmp  conftest.c >&5
configure:7297: $? = 0
configure:7297: result: yes
configure:7297: checking for stdint.h
configure:7297: gcc -c -g -O3 -Wall -Wextra -fopenmp  conftest.c >&5
configure:7297: $? = 0
configure:7297: result: yes
configure:7297: checking for unistd.h
configure:7297: gcc -c -g -O3 -Wall -Wextra -fopenmp  conftest.c >&5
configure:7297: $? = 0
configure:7297: result: yes
configure:7311: checking for dlfcn.h
configure:7311: gcc -c -g -O3 -Wall -Wextra -fopenmp  conftest.c >&5
configure:7311: $? = 0
configure:7311: result: yes
configure:7517: checking for objdir
configure:7532: result: .libs
configure:7799: checking if gcc supports -fno-rtti -fno-exceptions
configure:7817: gcc -c -g -O3 -Wall -Wextra -fopenmp  -fno-rtti -fno-exceptions conftest.c >&5
cc1: warning: command line option '-fno-rtti' is valid for C++/ObjC++ but not for C [enabled by default]
configure:7821: $? = 0
configure:7834: result: no
configure:8161: checking for gcc option to produce PIC
configure:8168: result: -fPIC -DPIC
configure:8176: checking if gcc PIC flag -fPIC -DPIC works
configure:8194: gcc -c -g -O3 -Wall -Wextra -fopenmp  -fPIC -DPIC -DPIC conftest.c >&5
configure:8198: $? = 0
configure:8211: result: yes
configure:8240: checking if gcc static flag -static works
configure:8268: result: yes
configure:8283: checking if gcc supports -c -o file.o
configure:8304: gcc -c -g -O3 -Wall -Wextra -fopenmp  -o out/conftest2.o conftest.c >&5
configure:8308: $? = 0
configure:8330: result: yes
configure:8338: checking if gcc supports -c -o file.o
configure:8385: result: yes
configure:8418: checking whether the gcc linker (/usr/bin/ld -m elf_x86_64) supports shared libraries
configure:9575: result: yes
configure:9612: checking whether -lc should be explicitly linked in
configure:9620: gcc -c -g -O3 -Wall -Wextra -fopenmp  conftest.c >&5
configure:9623: $? = 0
configure:9638: gcc -shared  -fPIC -DPIC conftest.o  -v -Wl,-soname -Wl,conftest -o conftest 2\>\&1 \| /bin/grep  -lc  \>/dev/null 2\>\&1
configure:9641: $? = 0
configure:9655: result: no
configure:9815: checking dynamic linker characteristics
configure:10326: gcc -o conftest -g -O3 -Wall -Wextra -fopenmp   -Wl,-rpath -Wl,/foo conftest.c  >&5
configure:10326: $? = 0
configure:10560: result: GNU/Linux ld.so
configure:10667: checking how to hardcode library paths into programs
configure:10692: result: immediate
configure:11232: checking whether stripping libraries is possible
configure:11237: result: yes
configure:11272: checking if libtool supports shared libraries
configure:11274: result: yes
configure:11277: checking whether to build shared libraries
configure:11298: result: yes
configure:11301: checking whether to build static libraries
configure:11305: result: yes
configure:11513: creating ./config.status

## ---------------- ##
## Cache variables. ##
## ---------------- ##

ac_cv_build=x86_64-unknown-linux-gnu
ac_cv_c_compiler_gnu=yes
ac_cv_env_CC_set=
ac_cv_env_CC_value=
ac_cv_env_CFLAGS_set=
ac_cv_env_CFLAGS_value=
ac_cv_env_CPPFLAGS_set=
ac_cv_env_CPPFLAGS_value=
ac_cv_env_CPP_set=
ac_cv_env_CPP_value=
ac_cv_env_LDFLAGS_set=
ac_cv_env_LDFLAGS_value=
ac_cv_env_LIBS_set=
ac_cv_env_LIBS_value=
ac_cv_env_build_alias_set=
ac_cv_env_build_alias_value=
ac_cv_env_host_alias_set=
ac_cv_env_host_alias_value=
ac_cv_env_target_alias_set=
ac_cv_env_target_alias_value=
ac_cv_header_dlfcn_h=yes
ac_cv_header_inttypes_h=yes
ac_cv_header_memory_h=yes
ac_cv_header_stdc=yes
ac_cv_header_stdint_h=yes
ac_cv_header_stdlib_h=yes
ac_cv_header_string_h=yes
ac_cv_header_strings_h=yes
ac_cv_header_sys_stat_h=yes
ac_cv_header_sys_types_h=yes
ac_cv_header_unistd_h=yes
ac_cv_host=x86_64-unknown-linux-gnu
ac_cv_objext=o
ac_cv_path_EGREP='/bin/grep -E'
ac_cv_path_FGREP='/bin/grep -F'
ac_cv_path_GREP=/bin/grep
ac_cv_path_SED=/bin/sed
ac_cv_path_install='/usr/bin/install -c'
ac_cv_path_mkdir=/bin/mkdir
ac_cv_prog_AWK=gawk
ac_cv_prog_CPP='gcc -E'
ac_cv_prog_ac_ct_AR=ar
ac_cv_prog_ac_ct_CC=gcc
ac_cv_prog_ac_ct_MANIFEST_TOOL=mt
ac_cv_prog_ac_ct_OBJDUMP=objdump
ac_cv_prog_ac_ct_RANLIB=ranlib
ac_cv_prog_ac_ct_STRIP=strip
ac_cv_prog_cc_c89=
ac_cv_prog_cc_g=yes
ac_cv_prog_cc_gcc_c_o=yes
ac_cv_prog_make_make_set=yes
ac_cv_target=x86_64-unknown-linux-gnu
am_cv_CC_dependencies_compiler_type=gcc3
lt_cv_ar_at_file=@
lt_cv_archive_cmds_need_lc=no
lt_cv_deplibs_check_method=pass_all
lt_cv_file_magic_cmd='$MAGIC_CMD'
lt_cv_file_magic_test_file=
lt_cv_ld_reload_flag=-r
lt_cv_nm_interface='BSD nm'
lt_cv_objdir=.libs
lt_cv_path_LD=/usr/bin/ld
lt_cv_path_NM='/usr/bin/nm -B'
lt_cv_path_mainfest_tool=no
lt_cv_prog_compiler_c_o=yes
lt_cv_prog_compiler_pic='-fPIC -DPIC'
lt_cv_prog_compiler_pic_works=yes
lt_cv_prog_compiler_rtti_exceptions=no
lt_cv_prog_compiler_static_works=yes
lt_cv_prog_gnu_ld=yes
lt_cv_sharedlib_from_linklib_cmd='printf %s\n'
lt_cv_shlibpath_overrides_runpath=no
lt_cv_sys_global_symbol_pipe='sed -n -e '\''s/^.*[	 ]\([ABCDGIRSTW][ABCDGIRSTW]*\)[	 ][	 ]*\([_A-Za-z][_A-Za-z0-9]*\)$/\1 \2 \2/p'\'' | sed '\''/ __gnu_lto/d'\'''
lt_cv_sys_global_symbol_to_c_name_address='sed -n -e '\''s/^: \([^ ]*\)[ ]*$/  {\"\1\", (void *) 0},/p'\'' -e '\''s/^[ABCDGIRSTW]* \([^ ]*\) \([^ ]*\)$/  {"\2", (void *) \&\2},/p'\'''
lt_cv_sys_global_symbol_to_c_name_address_lib_prefix='sed -n -e '\''s/^: \([^ ]*\)[ ]*$/  {\"\1\", (void *) 0},/p'\'' -e '\''s/^[ABCDGIRSTW]* \([^ ]*\) \(lib[^ ]*\)$/  {"\2", (void *) \&\2},/p'\'' -e '\''s/^[ABCDGIRSTW]* \([^ ]*\) \([^ ]*\)$/  {"lib\2", (void *) \&\2},/p'\'''
lt_cv_sys_global_symbol_to_cdecl='sed -n -e '\''s/^T .* \(.*\)$/extern int \1();/p'\'' -e '\''s/^[ABCDGIRSTW]* .* \(.*\)$/extern char \1;/p'\'''
lt_cv_sys_max_cmd_len=3458764513820540925
lt_cv_to_host_file_cmd=func_convert_file_noop
lt_cv_to_tool_file_cmd=func_convert_file_noop

## ----------------- ##
## Output variables. ##
## ----------------- ##

ACLOCAL='${SHELL} /home/johnathan/workspace/libsimmetrics/missing --run aclocal-1.11'
AMDEPBACKSLASH='\'
AMDEP_FALSE='#'
AMDEP_TRUE=''
AMTAR='$${TAR-tar}'
AR='ar'
AUTOCONF='${SHELL} /home/johnathan/workspace/libsimmetrics/missing --run autoconf'
AUTOHEADER='${SHELL} /home/johnathan/workspace/libsimmetrics/missing --run autoheader'
AUTOMAKE='${SHELL} /home/johnathan/workspace/libsimmetrics/missing --run automake-1.11'
AWK='gawk'
CC='gcc'
CCDEPMODE='depmode=gcc3'
CFLAGS='-g -O3 -Wall -Wextra -fopenmp'
CPP='gcc -E'
CPPFLAGS=''
CYGPATH_W='echo'
DEFS='-DPACKAGE_NAME=\"libsimmetrics\" -DPACKAGE_TARNAME=\"libsimmetrics\" -DPACKAGE_VERSION=\"1.0\" -DPACKAGE_STRING=\"libsimmetrics\ 1.0\" -DPACKAGE_BUGREPORT=\"\" -DPACKAGE_URL=\"\" -DPACKAGE=\"libsimmetrics\" -DVERSION=\"1.0\" -DSTDC_HEADERS=1 -DHAVE_SYS_TYPES_H=1 -DHAVE_SYS_STAT_H=1 -DHAVE_STDLIB_H=1 -DHAVE_STRING_H=1 -DHAVE_MEMORY_H=1 -DHAVE_STRINGS_H=1 -DHAVE_INTTYPES_H=1 -DHAVE_STDINT_H=1 -DHAVE_UNISTD_H=1 -DHAVE_DLFCN_H=1 -DLT_OBJDIR=\".libs/\"'
DEPDIR='.deps'
DLLTOOL='false'
DSYMUTIL=''
DUMPBIN=''
ECHO_C=''
ECHO_N='-n'
ECHO_T=''
EGREP='/bin/grep -E'
EXEEXT=''
FGREP='/bin/grep -F'
GREP='/bin/grep'
INSTALL_DATA='${INSTALL} -m 644'
INSTALL_PROGRAM='${INSTALL}'
INSTALL_SCRIPT='${INSTALL}'
INSTALL_STRIP_PROGRAM='$(install_sh) -c -s'
LD='/usr/bin/ld -m elf_x86_64'
LDFLAGS=''
LIBOBJS=''
LIBS=''
LIBTOOL='$(SHELL) $(top_builddir)/libtool'
LIPO=''
LN_S='ln -s'
LTLIBOBJS=''
MAKEINFO='${SHELL} /home/johnathan/workspace/libsimmetrics/missing --run makeinfo'
MANIFEST_TOOL=':'
MKDIR_P='/bin/mkdir -p'
NM='/usr/bin/nm -B'
NMEDIT=''
OBJDUMP='objdump'
OBJEXT='o'
OTOOL64=''
OTOOL=''
PACKAGE='libsimmetrics'
PACKAGE_BUGREPORT=''
PACKAGE_NAME='libsimmetrics'
PACKAGE_STRING='libsimmetrics 1.0'
PACKAGE_TARNAME='libsimmetrics'
PACKAGE_URL=''
PACKAGE_VERSION='1.0'
PATH_SEPARATOR=':'
RANLIB='ranlib'
SED='/bin/sed'
SET_MAKE=''
SHELL='/bin/bash'
STRIP='strip'
VERSION='1.0'
ac_ct_AR='ar'
ac_ct_CC='gcc'
ac_ct_DUMPBIN=''
am__EXEEXT_FALSE=''
am__EXEEXT_TRUE='#'
am__fastdepCC_FALSE='#'
am__fastdepCC_TRUE=''
am__include='include'
am__isrc=''
am__leading_dot='.'
am__nodep='_no'
am__quote=''
am__tar='$${TAR-tar} chof - "$$tardir"'
am__untar='$${TAR-tar} xf -'
bindir='${exec_prefix}/bin'
build='x86_64-unknown-linux-gnu'
build_alias=''
build_cpu='x86_64'
build_os='linux-gnu'
build_vendor='unknown'
datadir='${datarootdir}'
datarootdir='${prefix}/share'
docdir='${datarootdir}/doc/${PACKAGE_TARNAME}'
dvidir='${docdir}'
exec_prefix='${prefix}'
host='x86_64-unknown-linux-gnu'
host_alias=''
host_cpu='x86_64'
host_os='linux-gnu'
host_vendor='unknown'
htmldir='${docdir}'
includedir='${prefix}/include'
infodir='${datarootdir}/info'
install_sh='${SHELL} /home/johnathan/workspace/libsimmetrics/install-sh'
libdir='${exec_prefix}/lib'
libexecdir='${exec_prefix}/libexec'
localedir='${datarootdir}/locale'
localstatedir='${prefix}/var'
mandir='${datarootdir}/man'
mkdir_p='/bin/mkdir -p'
oldincludedir='/usr/include'
pdfdir='${docdir}'
prefix='/usr/local'
program_transform_name='s,x,x,'
psdir='${docdir}'
sbindir='${exec_prefix}/sbin'
sharedstatedir='${prefix}/com'
sysconfdir='${prefix}/etc'
target='x86_64-unknown-linux-gnu'
target_alias=''
target_cpu='x86_64'
target_os='linux-gnu'
target_vendor='unknown'

## ----------- ##
## confdefs.h. ##
## ----------- ##

/* confdefs.h */
#define PACKAGE_NAME "libsimmetrics"
#define PACKAGE_TARNAME "libsimmetrics"
#define PACKAGE_VERSION "1.0"
#define PACKAGE_STRING "libsimmetrics 1.0"
#define PACKAGE_BUGREPORT ""
#define PACKAGE_URL ""
#define PACKAGE "libsimmetrics"
#define VERSION "1.0"
#define STDC_HEADERS 1
#define HAVE_SYS_TYPES_H 1
#define HAVE_SYS_STAT_H 1
#define HAVE_STDLIB_H 1
#define HAVE_STRING_H 1
#define HAVE_MEMORY_H 1
#define HAVE_STRINGS_H 1
#define HAVE_INTTYPES_H 1
#define HAVE_STDINT_H 1
#define HAVE_UNISTD_H 1
#define HAVE_DLFCN_H 1
#define LT_OBJDIR ".libs/"

configure: exit 0

## ---------------------- ##
## Running config.status. ##
## ---------------------- ##

This file was extended by libsimmetrics config.status 1.0, which was
generated by GNU Autoconf 2.68.  Invocation command line was

  CONFIG_FILES    = 
  CONFIG_HEADERS  = 
  CONFIG_LINKS    = 
  CONFIG_COMMANDS = 
  $ ./config.status 

on Jones

config.status:1018: creating Makefile
config.status:1018: creating exampleProgram/Makefile
config.status:1018: creating libsimmetrics/Makefile
config.status:1018: creating include/Makefile
config.status:1190: executing depfiles commands
config.status:1190: executing libtool commands

## ---------------------- ##
## Running config.status. ##
## ---------------------- ##

This file was extended by libsimmetrics config.status 1.0, which was
generated by GNU Autoconf 2.68.  Invocation command line was

  CONFIG_FILES    = 
  CONFIG_HEADERS  = 
  CONFIG_LINKS    = 
  CONFIG_COMMANDS = 
  $ ./config.status libsimmetrics/Makefile depfiles

on Jones

config.status:1018: creating libsimmetrics/Makefile
config.status:1190: executing depfiles commands

## ---------------------- ##
## Running config.status. ##
## ---------------------- ##

This file was extended by libsimmetrics config.status 1.0, which was
generated by GNU Autoconf 2.68.  Invocation command line was

  CONFIG_FILES    = 
  CONFIG_HEADERS  = 
  CONFIG_LINKS    = 
  CONFIG_COMMANDS = 
  $ ./config.status include/Makefile

on Jones

config.status:1018: creating include/Makefile

## ---------------------- ##
## Running config.status. ##
## ---------------------- ##

This file was extended by libsimmetrics config.status 1.0, which was
generated by GNU Autoconf 2.68.  Invocation command line was

  CONFIG_FILES    = 
  CONFIG_HEADERS  = 
  CONFIG_LINKS    = 
  CONFIG_COMMANDS = 
  $ ./config.status libsimmetrics/Makefile depfiles

on Jones

config.status:1018: creating libsimmetrics/Makefile
config.status:1190: executing depfiles commands

## ---------------------- ##
## Running config.status. ##
## ---------------------- ##

This file was extended by libsimmetrics config.status 1.0, which was
generated by GNU Autoconf 2.68.  Invocation command line was

  CONFIG_FILES    = 
  CONFIG_HEADERS  = 
  CONFIG_LINKS    = 
  CONFIG_COMMANDS = 
  $ ./config.status include/Makefile

on Jones

config.status:1018: creating include/Makefile

## ---------------------- ##
## Running config.status. ##
## ---------------------- ##

This file was extended by libsimmetrics config.status 1.0, which was
generated by GNU Autoconf 2.68.  Invocation command line was

  CONFIG_FILES    = 
  CONFIG_HEADERS  = 
  CONFIG_LINKS    = 
  CONFIG_COMMANDS = 
  $ ./config.status libsimmetrics/Makefile depfiles

on Jones

config.status:1018: creating libsimmetrics/Makefile
config.status:1190: executing depfiles commands

## ---------------------- ##
## Running config.status. ##
## ---------------------- ##

This file was extended by libsimmetrics config.status 1.0, which was
generated by GNU Autoconf 2.68.  Invocation command line was

  CONFIG_FILES    = 
  CONFIG_HEADERS  = 
  CONFIG_LINKS    = 
  CONFIG_COMMANDS = 
  $ ./config.status include/Makefile

on Jones

config.status:1018: creating include/Makefile

## ---------------------- ##
## Running config.status. ##
## ---------------------- ##

This file was extended by libsimmetrics config.status 1.0, which was
generated by GNU Autoconf 2.68.  Invocation command line was

  CONFIG_FILES    = 
  CONFIG_HEADERS  = 
  CONFIG_LINKS    = 
  CONFIG_COMMANDS = 
  $ ./config.status libsimmetrics/Makefile depfiles

on Jones

config.status:1018: creating libsimmetrics/Makefile
config.status:1190: executing depfiles commands

## ---------------------- ##
## Running config.status. ##
## ---------------------- ##

This file was extended by libsimmetrics config.status 1.0, which was
generated by GNU Autoconf 2.68.  Invocation command line was

  CONFIG_FILES    = 
  CONFIG_HEADERS  = 
  CONFIG_LINKS    = 
  CONFIG_COMMANDS = 
  $ ./config.status include/Makefile

on Jones

config.status:1018: creating include/Makefile
